[debug] [2021-09-05T11:41:29.756Z] ----------------------------------------------------------------------
[debug] [2021-09-05T11:41:29.759Z] Command:       C:\Program Files\nodejs\node.exe C:\Users\DELL\AppData\Roaming\npm\node_modules\firebase-tools\lib\bin\firebase.js init
[debug] [2021-09-05T11:41:29.759Z] CLI Version:   9.17.0
[debug] [2021-09-05T11:41:29.759Z] Platform:      win32
[debug] [2021-09-05T11:41:29.760Z] Node Version:  v14.17.0
[debug] [2021-09-05T11:41:29.761Z] Time:          Sun Sep 05 2021 16:41:29 GMT+0500 (Pakistan Standard Time)
[debug] [2021-09-05T11:41:29.761Z] ----------------------------------------------------------------------
[debug] 
[debug] [2021-09-05T11:41:29.867Z] > command requires scopes: ["email","openid","https://www.googleapis.com/auth/cloudplatformprojects.readonly","https://www.googleapis.com/auth/firebase","https://www.googleapis.com/auth/cloud-platform"]
[debug] [2021-09-05T11:41:29.867Z] > authorizing via signed-in user (ahmedalimcs21@gmail.com)
[info] 
     ######## #### ########  ######## ########     ###     ######  ########
     ##        ##  ##     ## ##       ##     ##  ##   ##  ##       ##
     ######    ##  ########  ######   ########  #########  ######  ######
     ##        ##  ##    ##  ##       ##     ## ##     ##       ## ##
     ##       #### ##     ## ######## ########  ##     ##  ######  ########

You're about to initialize a Firebase project in this directory:

  C:\Users\DELL

Before we get started, keep in mind:

  * You are initializing within an existing Firebase project directory

[info] 
=== Project Setup
[info] 
[info] First, let's associate this project directory with a Firebase project.
[info] You can create multiple project aliases by running firebase use --add, 
[info] but for now we'll just set up a default project.
[info] 
[info] i  .firebaserc already has a default project, using mobile-and-app-fa5b2. 
[debug] [2021-09-05T11:42:00.067Z] >>> [apiv2][query] GET https://firebase.googleapis.com/v1beta1/projects/mobile-and-app-fa5b2 [none]
[debug] [2021-09-05T11:42:00.556Z] <<< [apiv2][status] GET https://firebase.googleapis.com/v1beta1/projects/mobile-and-app-fa5b2 200
[debug] [2021-09-05T11:42:00.557Z] <<< [apiv2][body] GET https://firebase.googleapis.com/v1beta1/projects/mobile-and-app-fa5b2 {"projectId":"mobile-and-app-fa5b2","projectNumber":"193501412177","displayName":"mobile and app","name":"projects/mobile-and-app-fa5b2","resources":{"hostingSite":"mobile-and-app-fa5b2"},"state":"ACTIVE"}
[info] 
=== Hosting Setup
[info] 
[info] Your public directory is the folder (relative to your project directory) that
[info] will contain Hosting assets to be uploaded with firebase deploy. If you
[info] have a build process for your assets, use your build's output directory.
[info] 
